<?xml version="1.0" encoding="UTF-8"?>
<testng-results ignored="0" total="1" passed="1" failed="0" skipped="0">
  <reporter-output>
  </reporter-output>
  <suite started-at="2021-11-11T11:02:10 PET" name="Regression Suite" finished-at="2021-11-11T11:02:57 PET" duration-ms="47177">
    <groups>
      <group name="cucumber">
        <method signature="TestRunner.feature(cucumber.api.testng.CucumberFeatureWrapper)[pri:0, instance:runners.TestRunner@326bd21f]" name="feature" class="runners.TestRunner"/>
      </group> <!-- cucumber -->
    </groups>
    <test started-at="2021-11-11T11:02:10 PET" name="Search Products" finished-at="2021-11-11T11:02:57 PET" duration-ms="47177">
      <class name="runners.TestRunner">
        <test-method is-config="true" signature="setUpClass()[pri:0, instance:runners.TestRunner@326bd21f]" started-at="2021-11-11T11:02:10 PET" name="setUpClass" finished-at="2021-11-11T11:02:10 PET" duration-ms="324" status="PASS">
          <reporter-output>
          </reporter-output>
        </test-method> <!-- setUpClass -->
        <test-method signature="feature(cucumber.api.testng.CucumberFeatureWrapper)[pri:0, instance:runners.TestRunner@326bd21f]" started-at="2021-11-11T11:02:10 PET" name="feature" description="Runs Cucumber Feature" data-provider="features" finished-at="2021-11-11T11:02:57 PET" duration-ms="46673" status="PASS">
          <params>
            <param index="0">
              <value>
                <![CDATA[User login]]>
              </value>
            </param>
          </params>
          <reporter-output>
          </reporter-output>
        </test-method> <!-- feature -->
        <test-method is-config="true" signature="tearDownClass()[pri:0, instance:runners.TestRunner@326bd21f]" started-at="2021-11-11T11:02:57 PET" name="tearDownClass" finished-at="2021-11-11T11:02:57 PET" duration-ms="34" status="PASS">
          <reporter-output>
          </reporter-output>
        </test-method> <!-- tearDownClass -->
      </class> <!-- runners.TestRunner -->
    </test> <!-- Search Products -->
  </suite> <!-- Regression Suite -->
</testng-results>
